This is pdfTeX, Version 3.14159265-2.6-1.40.21 (TeX Live 2020) (preloaded format=pdflatex 2020.4.17)  12 MAY 2020 20:51
entering extended mode
 restricted \write18 enabled.
 %&-line parsing enabled.
**RevFC.tex
(./RevFC.tex
LaTeX2e <2020-02-02> patch level 5
L3 programming layer <2020-03-06>
(/usr/local/texlive/2020/texmf-dist/tex/latex/base/article.cls
Document Class: article 2019/12/20 v1.4l Standard LaTeX document class
(/usr/local/texlive/2020/texmf-dist/tex/latex/base/size12.clo
File: size12.clo 2019/12/20 v1.4l Standard LaTeX file (size option)
)
\c@part=\count167
\c@section=\count168
\c@subsection=\count169
\c@subsubsection=\count170
\c@paragraph=\count171
\c@subparagraph=\count172
\c@figure=\count173
\c@table=\count174
\abovecaptionskip=\skip47
\belowcaptionskip=\skip48
\bibindent=\dimen134
)
(/usr/local/texlive/2020/texmf-dist/tex/latex/tools/tabularx.sty
Package: tabularx 2020/01/15 v2.11c `tabularx' package (DPC)

(/usr/local/texlive/2020/texmf-dist/tex/latex/tools/array.sty
Package: array 2019/08/31 v2.4l Tabular extension package (FMi)
\col@sep=\dimen135
\ar@mcellbox=\box45
\extrarowheight=\dimen136
\NC@list=\toks15
\extratabsurround=\skip49
\backup@length=\skip50
\ar@cellbox=\box46
)
\TX@col@width=\dimen137
\TX@old@table=\dimen138
\TX@old@col=\dimen139
\TX@target=\dimen140
\TX@delta=\dimen141
\TX@cols=\count175
\TX@ftn=\toks16
)
(/usr/local/texlive/2020/texmf-dist/tex/latex/amsmath/amsmath.sty
Package: amsmath 2020/01/20 v2.17e AMS math features
\@mathmargin=\skip51

For additional information on amsmath, use the `?' option.
(/usr/local/texlive/2020/texmf-dist/tex/latex/amsmath/amstext.sty
Package: amstext 2000/06/29 v2.01 AMS text

(/usr/local/texlive/2020/texmf-dist/tex/latex/amsmath/amsgen.sty
File: amsgen.sty 1999/11/30 v2.0 generic functions
\@emptytoks=\toks17
\ex@=\dimen142
))
(/usr/local/texlive/2020/texmf-dist/tex/latex/amsmath/amsbsy.sty
Package: amsbsy 1999/11/29 v1.2d Bold Symbols
\pmbraise@=\dimen143
)
(/usr/local/texlive/2020/texmf-dist/tex/latex/amsmath/amsopn.sty
Package: amsopn 2016/03/08 v2.02 operator names
)
\inf@bad=\count176
LaTeX Info: Redefining \frac on input line 227.
\uproot@=\count177
\leftroot@=\count178
LaTeX Info: Redefining \overline on input line 389.
\classnum@=\count179
\DOTSCASE@=\count180
LaTeX Info: Redefining \ldots on input line 486.
LaTeX Info: Redefining \dots on input line 489.
LaTeX Info: Redefining \cdots on input line 610.
\Mathstrutbox@=\box47
\strutbox@=\box48
\big@size=\dimen144
LaTeX Font Info:    Redeclaring font encoding OML on input line 733.
LaTeX Font Info:    Redeclaring font encoding OMS on input line 734.
\macc@depth=\count181
\c@MaxMatrixCols=\count182
\dotsspace@=\muskip16
\c@parentequation=\count183
\dspbrk@lvl=\count184
\tag@help=\toks18
\row@=\count185
\column@=\count186
\maxfields@=\count187
\andhelp@=\toks19
\eqnshift@=\dimen145
\alignsep@=\dimen146
\tagshift@=\dimen147
\tagwidth@=\dimen148
\totwidth@=\dimen149
\lineht@=\dimen150
\@envbody=\toks20
\multlinegap=\skip52
\multlinetaggap=\skip53
\mathdisplay@stack=\toks21
LaTeX Info: Redefining \[ on input line 2859.
LaTeX Info: Redefining \] on input line 2860.
)
(/usr/local/texlive/2020/texmf-dist/tex/latex/amsfonts/amsfonts.sty
Package: amsfonts 2013/01/14 v3.01 Basic AMSFonts support
\symAMSa=\mathgroup4
\symAMSb=\mathgroup5
LaTeX Font Info:    Redeclaring math symbol \hbar on input line 98.
LaTeX Font Info:    Overwriting math alphabet `\mathfrak' in version `bold'
(Font)                  U/euf/m/n --> U/euf/b/n on input line 106.
)
(/usr/local/texlive/2020/texmf-dist/tex/latex/amsfonts/amssymb.sty
Package: amssymb 2013/01/14 v3.01 AMS font symbols
)
(/usr/local/texlive/2020/texmf-dist/tex/latex/graphics/graphicx.sty
Package: graphicx 2019/11/30 v1.2a Enhanced LaTeX Graphics (DPC,SPQR)

(/usr/local/texlive/2020/texmf-dist/tex/latex/graphics/keyval.sty
Package: keyval 2014/10/28 v1.15 key=value parser (DPC)
\KV@toks@=\toks22
)
(/usr/local/texlive/2020/texmf-dist/tex/latex/graphics/graphics.sty
Package: graphics 2019/11/30 v1.4a Standard LaTeX Graphics (DPC,SPQR)

(/usr/local/texlive/2020/texmf-dist/tex/latex/graphics/trig.sty
Package: trig 2016/01/03 v1.10 sin cos tan (DPC)
)
(/usr/local/texlive/2020/texmf-dist/tex/latex/graphics-cfg/graphics.cfg
File: graphics.cfg 2016/06/04 v1.11 sample graphics configuration
)
Package graphics Info: Driver file: pdftex.def on input line 105.

(/usr/local/texlive/2020/texmf-dist/tex/latex/graphics-def/pdftex.def
File: pdftex.def 2018/01/08 v1.0l Graphics/color driver for pdftex
))
\Gin@req@height=\dimen151
\Gin@req@width=\dimen152
)
(/usr/local/texlive/2020/texmf-dist/tex/latex/geometry/geometry.sty
Package: geometry 2020/01/02 v5.9 Page Geometry

(/usr/local/texlive/2020/texmf-dist/tex/generic/iftex/ifvtex.sty
Package: ifvtex 2019/10/25 v1.7 ifvtex legacy package. Use iftex instead.

(/usr/local/texlive/2020/texmf-dist/tex/generic/iftex/iftex.sty
Package: iftex 2020/03/06 v1.0d TeX engine tests
))
\Gm@cnth=\count188
\Gm@cntv=\count189
\c@Gm@tempcnt=\count190
\Gm@bindingoffset=\dimen153
\Gm@wd@mp=\dimen154
\Gm@odd@mp=\dimen155
\Gm@even@mp=\dimen156
\Gm@layoutwidth=\dimen157
\Gm@layoutheight=\dimen158
\Gm@layouthoffset=\dimen159
\Gm@layoutvoffset=\dimen160
\Gm@dimlist=\toks23
)
(/usr/local/texlive/2020/texmf-dist/tex/latex/cite/cite.sty
LaTeX Info: Redefining \cite on input line 302.
LaTeX Info: Redefining \nocite on input line 332.
Package: cite 2015/02/27  v 5.5
)
(/usr/local/texlive/2020/texmf-dist/tex/latex/hyperref/hyperref.sty
Package: hyperref 2020/01/14 v7.00d Hypertext links for LaTeX

(/usr/local/texlive/2020/texmf-dist/tex/generic/ltxcmds/ltxcmds.sty
Package: ltxcmds 2019/12/15 v1.24 LaTeX kernel commands for general use (HO)
)
(/usr/local/texlive/2020/texmf-dist/tex/latex/pdftexcmds/pdftexcmds.sty
Package: pdftexcmds 2019/11/24 v0.31 Utility functions of pdfTeX for LuaTeX (HO
)

(/usr/local/texlive/2020/texmf-dist/tex/generic/infwarerr/infwarerr.sty
Package: infwarerr 2019/12/03 v1.5 Providing info/warning/error messages (HO)
)
Package pdftexcmds Info: \pdf@primitive is available.
Package pdftexcmds Info: \pdf@ifprimitive is available.
Package pdftexcmds Info: \pdfdraftmode found.
)
(/usr/local/texlive/2020/texmf-dist/tex/generic/kvsetkeys/kvsetkeys.sty
Package: kvsetkeys 2019/12/15 v1.18 Key value parser (HO)
)
(/usr/local/texlive/2020/texmf-dist/tex/generic/kvdefinekeys/kvdefinekeys.sty
Package: kvdefinekeys 2019-12-19 v1.6 Define keys (HO)
)
(/usr/local/texlive/2020/texmf-dist/tex/generic/pdfescape/pdfescape.sty
Package: pdfescape 2019/12/09 v1.15 Implements pdfTeX's escape features (HO)
)
(/usr/local/texlive/2020/texmf-dist/tex/latex/hycolor/hycolor.sty
Package: hycolor 2020-01-27 v1.10 Color options for hyperref/bookmark (HO)
)
(/usr/local/texlive/2020/texmf-dist/tex/latex/letltxmacro/letltxmacro.sty
Package: letltxmacro 2019/12/03 v1.6 Let assignment for LaTeX macros (HO)
)
(/usr/local/texlive/2020/texmf-dist/tex/latex/auxhook/auxhook.sty
Package: auxhook 2019-12-17 v1.6 Hooks for auxiliary files (HO)
)
(/usr/local/texlive/2020/texmf-dist/tex/latex/kvoptions/kvoptions.sty
Package: kvoptions 2019/11/29 v3.13 Key value format for package options (HO)
)
\@linkdim=\dimen161
\Hy@linkcounter=\count191
\Hy@pagecounter=\count192

(/usr/local/texlive/2020/texmf-dist/tex/latex/hyperref/pd1enc.def
File: pd1enc.def 2020/01/14 v7.00d Hyperref: PDFDocEncoding definition (HO)
Now handling font encoding PD1 ...
... no UTF-8 mapping file for font encoding PD1
)
(/usr/local/texlive/2020/texmf-dist/tex/generic/intcalc/intcalc.sty
Package: intcalc 2019/12/15 v1.3 Expandable calculations with integers (HO)
)
(/usr/local/texlive/2020/texmf-dist/tex/generic/etexcmds/etexcmds.sty
Package: etexcmds 2019/12/15 v1.7 Avoid name clashes with e-TeX commands (HO)
)
\Hy@SavedSpaceFactor=\count193
Package hyperref Info: Option `final' set `true' on input line 4421.
Package hyperref Info: Hyper figures OFF on input line 4547.
Package hyperref Info: Link nesting OFF on input line 4552.
Package hyperref Info: Hyper index ON on input line 4555.
Package hyperref Info: Plain pages OFF on input line 4562.
Package hyperref Info: Backreferencing OFF on input line 4567.
Package hyperref Info: Implicit mode ON; LaTeX internals redefined.
Package hyperref Info: Bookmarks ON on input line 4800.
\c@Hy@tempcnt=\count194

(/usr/local/texlive/2020/texmf-dist/tex/latex/url/url.sty
\Urlmuskip=\muskip17
Package: url 2013/09/16  ver 3.4  Verb mode for urls, etc.
)
LaTeX Info: Redefining \url on input line 5159.
\XeTeXLinkMargin=\dimen162

(/usr/local/texlive/2020/texmf-dist/tex/generic/bitset/bitset.sty
Package: bitset 2019/12/09 v1.3 Handle bit-vector datatype (HO)

(/usr/local/texlive/2020/texmf-dist/tex/generic/bigintcalc/bigintcalc.sty
Package: bigintcalc 2019/12/15 v1.5 Expandable calculations on big integers (HO
)
))
\Fld@menulength=\count195
\Field@Width=\dimen163
\Fld@charsize=\dimen164
Package hyperref Info: Hyper figures OFF on input line 6430.
Package hyperref Info: Link nesting OFF on input line 6435.
Package hyperref Info: Hyper index ON on input line 6438.
Package hyperref Info: backreferencing OFF on input line 6445.
Package hyperref Info: Link coloring OFF on input line 6450.
Package hyperref Info: Link coloring with OCG OFF on input line 6455.
Package hyperref Info: PDF/A mode OFF on input line 6460.
LaTeX Info: Redefining \ref on input line 6500.
LaTeX Info: Redefining \pageref on input line 6504.

(/usr/local/texlive/2020/texmf-dist/tex/generic/atbegshi/atbegshi.sty
Package: atbegshi 2019/12/05 v1.19 At begin shipout hook (HO)
)
\Hy@abspage=\count196
\c@Item=\count197
\c@Hfootnote=\count198
)
Package hyperref Info: Driver (autodetected): hpdftex.

(/usr/local/texlive/2020/texmf-dist/tex/latex/hyperref/hpdftex.def
File: hpdftex.def 2020/01/14 v7.00d Hyperref driver for pdfTeX

(/usr/local/texlive/2020/texmf-dist/tex/latex/atveryend/atveryend.sty
Package: atveryend 2019-12-11 v1.11 Hooks at the very end of document (HO)
Package atveryend Info: \enddocument detected (standard20110627).
)
\Fld@listcount=\count199
\c@bookmark@seq@number=\count266

(/usr/local/texlive/2020/texmf-dist/tex/latex/rerunfilecheck/rerunfilecheck.sty
Package: rerunfilecheck 2019/12/05 v1.9 Rerun checks for auxiliary files (HO)

(/usr/local/texlive/2020/texmf-dist/tex/generic/uniquecounter/uniquecounter.sty
Package: uniquecounter 2019/12/15 v1.4 Provide unlimited unique counter (HO)
)
Package uniquecounter Info: New unique counter `rerunfilecheck' on input line 2
86.
)
\Hy@SectionHShift=\skip54
) (/usr/local/texlive/2020/texmf-dist/tex/latex/leftidx/leftidx.sty
Package: leftidx 2003/09/24 v1.03 Left indices
)
(/usr/local/texlive/2020/texmf-dist/tex/latex/tools/enumerate.sty
Package: enumerate 2015/07/23 v3.00 enumerate extensions (DPC)
\@enLab=\toks24
)
(/usr/local/texlive/2020/texmf-dist/tex/latex/paralist/paralist.sty
Package: paralist 2017/01/22 v2.7 Extended list environments
\pltopsep=\skip55
\plpartopsep=\skip56
\plitemsep=\skip57
\plparsep=\skip58
\pl@lab=\toks25
)
(/usr/local/texlive/2020/texmf-dist/tex/latex/subfigure/subfigure.sty
Package: subfigure 2002/03/15 v2.1.5 subfigure package
\subfigtopskip=\skip59
\subfigcapskip=\skip60
\subfigcaptopadj=\dimen165
\subfigbottomskip=\skip61
\subfigcapmargin=\dimen166
\subfiglabelskip=\skip62
\c@subfigure=\count267
\c@lofdepth=\count268
\c@subtable=\count269
\c@lotdepth=\count270

****************************************
* Local config file subfigure.cfg used *
****************************************
(/usr/local/texlive/2020/texmf-dist/tex/latex/subfigure/subfigure.cfg)
\subfig@top=\skip63
\subfig@bottom=\skip64
)
Package hyperref Info: Option `colorlinks' set `true' on input line 19.

(/usr/local/texlive/2020/texmf-dist/tex/latex/l3backend/l3backend-pdfmode.def
File: l3backend-pdfmode.def 2020-03-12 L3 backend support: PDF mode
\l__kernel_color_stack_int=\count271
\l__pdf_internal_box=\box49
)
(./RevFC.aux)
\openout1 = `RevFC.aux'.

LaTeX Font Info:    Checking defaults for OML/cmm/m/it on input line 22.
LaTeX Font Info:    ... okay on input line 22.
LaTeX Font Info:    Checking defaults for OMS/cmsy/m/n on input line 22.
LaTeX Font Info:    ... okay on input line 22.
LaTeX Font Info:    Checking defaults for OT1/cmr/m/n on input line 22.
LaTeX Font Info:    ... okay on input line 22.
LaTeX Font Info:    Checking defaults for T1/cmr/m/n on input line 22.
LaTeX Font Info:    ... okay on input line 22.
LaTeX Font Info:    Checking defaults for TS1/cmr/m/n on input line 22.
LaTeX Font Info:    ... okay on input line 22.
LaTeX Font Info:    Checking defaults for OMX/cmex/m/n on input line 22.
LaTeX Font Info:    ... okay on input line 22.
LaTeX Font Info:    Checking defaults for U/cmr/m/n on input line 22.
LaTeX Font Info:    ... okay on input line 22.
LaTeX Font Info:    Checking defaults for PD1/pdf/m/n on input line 22.
LaTeX Font Info:    ... okay on input line 22.

(/usr/local/texlive/2020/texmf-dist/tex/context/base/mkii/supp-pdf.mkii
[Loading MPS to PDF converter (version 2006.09.02).]
\scratchcounter=\count272
\scratchdimen=\dimen167
\scratchbox=\box50
\nofMPsegments=\count273
\nofMParguments=\count274
\everyMPshowfont=\toks26
\MPscratchCnt=\count275
\MPscratchDim=\dimen168
\MPnumerator=\count276
\makeMPintoPDFobject=\count277
\everyMPtoPDFconversion=\toks27
) (/usr/local/texlive/2020/texmf-dist/tex/latex/epstopdf-pkg/epstopdf-base.sty
Package: epstopdf-base 2020-01-24 v2.11 Base part for package epstopdf
Package epstopdf-base Info: Redefining graphics rule for `.eps' on input line 4
85.

(/usr/local/texlive/2020/texmf-dist/tex/latex/latexconfig/epstopdf-sys.cfg
File: epstopdf-sys.cfg 2010/07/13 v1.3 Configuration of (r)epstopdf for TeX Liv
e
))
*geometry* driver: auto-detecting
*geometry* detected driver: pdftex
*geometry* verbose mode - [ preamble ] result:
* driver: pdftex
* paper: letterpaper
* layout: <same size as paper>
* layoutoffset:(h,v)=(0.0pt,0.0pt)
* modes: 
* h-part:(L,W,R)=(72.26999pt, 469.75502pt, 72.26999pt)
* v-part:(T,H,B)=(72.26999pt, 650.43001pt, 72.26999pt)
* \paperwidth=614.295pt
* \paperheight=794.96999pt
* \textwidth=469.75502pt
* \textheight=650.43001pt
* \oddsidemargin=0.0pt
* \evensidemargin=0.0pt
* \topmargin=-37.0pt
* \headheight=12.0pt
* \headsep=25.0pt
* \topskip=12.0pt
* \footskip=30.0pt
* \marginparwidth=44.0pt
* \marginparsep=10.0pt
* \columnsep=10.0pt
* \skip\footins=10.8pt plus 4.0pt minus 2.0pt
* \hoffset=0.0pt
* \voffset=0.0pt
* \mag=1000
* \@twocolumnfalse
* \@twosidefalse
* \@mparswitchfalse
* \@reversemarginfalse
* (1in=72.27pt=25.4mm, 1cm=28.453pt)

\AtBeginShipoutBox=\box51
(/usr/local/texlive/2020/texmf-dist/tex/latex/graphics/color.sty
Package: color 2019/11/23 v1.2a Standard LaTeX Color (DPC)

(/usr/local/texlive/2020/texmf-dist/tex/latex/graphics-cfg/color.cfg
File: color.cfg 2016/01/02 v1.6 sample color configuration
)
Package color Info: Driver file: pdftex.def on input line 147.
)
Package hyperref Info: Link coloring ON on input line 22.

(/usr/local/texlive/2020/texmf-dist/tex/latex/hyperref/nameref.sty
Package: nameref 2019/09/16 v2.46 Cross-referencing by name of section

(/usr/local/texlive/2020/texmf-dist/tex/latex/refcount/refcount.sty
Package: refcount 2019/12/15 v3.6 Data extraction from label references (HO)
)
(/usr/local/texlive/2020/texmf-dist/tex/generic/gettitlestring/gettitlestring.s
ty
Package: gettitlestring 2019/12/15 v1.6 Cleanup title references (HO)
)
\c@section@level=\count278
)
LaTeX Info: Redefining \ref on input line 22.
LaTeX Info: Redefining \pageref on input line 22.
LaTeX Info: Redefining \nameref on input line 22.
 (./RevFC.out) (./RevFC.out)
\@outlinefile=\write3
\openout3 = `RevFC.out'.

LaTeX Font Info:    Trying to load font information for U+msa on input line 28.


(/usr/local/texlive/2020/texmf-dist/tex/latex/amsfonts/umsa.fd
File: umsa.fd 2013/01/14 v3.01 AMS symbols A
)
LaTeX Font Info:    Trying to load font information for U+msb on input line 28.


(/usr/local/texlive/2020/texmf-dist/tex/latex/amsfonts/umsb.fd
File: umsb.fd 2013/01/14 v3.01 AMS symbols B
)
<WX20200510-222400@2x.png, id=110, 582.175pt x 427.5975pt>
File: WX20200510-222400@2x.png Graphic file (type png)
<use WX20200510-222400@2x.png>
Package pdftex.def Info: WX20200510-222400@2x.png  used on input line 41.
(pdftex.def)             Requested size: 361.34999pt x 265.40784pt.
 [1

{/usr/local/texlive/2020/texmf-var/fonts/map/pdftex/updmap/pdftex.map}]
<FormationSystemArchitecture.png, id=128, 592.2125pt x 718.685pt>
File: FormationSystemArchitecture.png Graphic file (type png)
<use FormationSystemArchitecture.png>
Package pdftex.def Info: FormationSystemArchitecture.png  used on input line 64
.
(pdftex.def)             Requested size: 361.34999pt x 438.52881pt.
 [2 <./WX20200510-222400@2x.png>] [3 <./FormationSystemArchitecture.png>]
<patternsformation.png, id=152, 623.32875pt x 558.085pt>
File: patternsformation.png Graphic file (type png)
<use patternsformation.png>
Package pdftex.def Info: patternsformation.png  used on input line 92.
(pdftex.def)             Requested size: 361.34999pt x 323.52773pt.
<3typesformationmaintenance.png, id=155, 685.56125pt x 866.23625pt>
File: 3typesformationmaintenance.png Graphic file (type png)
<use 3typesformationmaintenance.png>
Package pdftex.def Info: 3typesformationmaintenance.png  used on input line 109
.
(pdftex.def)             Requested size: 361.34999pt x 456.59167pt.
 [4 <./patternsformation.png>] [5 <./3typesformationmaintenance.png>]
<diffformationmethods.png, id=175, 1229.59375pt x 295.1025pt>
File: diffformationmethods.png Graphic file (type png)
<use diffformationmethods.png>
Package pdftex.def Info: diffformationmethods.png  used on input line 131.
(pdftex.def)             Requested size: 505.89pt x 121.41606pt.

Overfull \hbox (36.13498pt too wide) in paragraph at lines 131--132
 [][] 
 []

<compsinglemultipathplanning.png, id=176, 612.2875pt x 597.23125pt>
File: compsinglemultipathplanning.png Graphic file (type png)
<use compsinglemultipathplanning.png>
Package pdftex.def Info: compsinglemultipathplanning.png  used on input line 14
2.
(pdftex.def)             Requested size: 361.34999pt x 352.46362pt.
(./leaderfollowerusinggqrl2017.tex
Overfull \hbox (1.926pt too wide) in paragraph at lines 1--1
[]\OT1/cmr/bx/n/14.4 Leader-Follower Fro-ma-tion us-ing GQ($\OML/cmm/m/it/14.4 
^^U$\OT1/cmr/bx/n/14.4 ) Re-in-force-ment Learn-
 []


Package hyperref Warning: Token not allowed in a PDF string (PDFDocEncoding):
(hyperref)                removing `math shift' on input line 1.


Package hyperref Warning: Token not allowed in a PDF string (PDFDocEncoding):
(hyperref)                removing `\lambda' on input line 1.


Package hyperref Warning: Token not allowed in a PDF string (PDFDocEncoding):
(hyperref)                removing `math shift' on input line 1.

[6 <./diffformationmethods.png>] [7 <./compsinglemultipathplanning.png>]
<leaderfollowerrl.png, id=197, 474.77374pt x 530.98375pt>
File: leaderfollowerrl.png Graphic file (type png)
<use leaderfollowerrl.png>
Package pdftex.def Info: leaderfollowerrl.png  used on input line 30.
(pdftex.def)             Requested size: 216.81pt x 242.48111pt.

Overfull \hbox (28.91086pt too wide) in paragraph at lines 30--30
 [][] 
 []

<leaderfollowerrltilecoding.png, id=198, 476.78125pt x 359.3425pt>
File: leaderfollowerrltilecoding.png Graphic file (type png)
<use leaderfollowerrltilecoding.png>
Package pdftex.def Info: leaderfollowerrltilecoding.png  used on input line 38.

(pdftex.def)             Requested size: 216.81pt x 163.40787pt.

Overfull \hbox (28.91086pt too wide) in paragraph at lines 38--38
 [][] 
 []

[8 <./leaderfollowerrl.png> <./leaderfollowerrltilecoding.png>]
<leaderfollowerrlresult1.png, id=213, 448.67625pt x 463.7325pt>
File: leaderfollowerrlresult1.png Graphic file (type png)
<use leaderfollowerrlresult1.png>
Package pdftex.def Info: leaderfollowerrlresult1.png  used on input line 56.
(pdftex.def)             Requested size: 361.34999pt x 373.4914pt.
<leaderfollowerlresult2.png, id=214, 448.67625pt x 257.96375pt>
File: leaderfollowerlresult2.png Graphic file (type png)
<use leaderfollowerlresult2.png>
Package pdftex.def Info: leaderfollowerlresult2.png  used on input line 63.
(pdftex.def)             Requested size: 361.34999pt x 207.76468pt.
 [9 <./leaderfollowerrlresult1.png>]) (./IntelligentFormationControl2018.tex
<drlbbmparamsharing.png, id=228, 560.0925pt x 394.47375pt>
File: drlbbmparamsharing.png Graphic file (type png)
<use drlbbmparamsharing.png>
Package pdftex.def Info: drlbbmparamsharing.png  used on input line 14.
(pdftex.def)             Requested size: 361.34999pt x 254.50885pt.
 [10 <./leaderfollowerlresult2.png>]
<sensorpower.png, id=244, 563.10374pt x 399.4925pt>
File: sensorpower.png Graphic file (type png)
<use sensorpower.png>
Package pdftex.def Info: sensorpower.png  used on input line 28.
(pdftex.def)             Requested size: 361.34999pt x 256.35704pt.
<drlbbexperiment.png, id=248, 410.53375pt x 408.52625pt>
File: drlbbexperiment.png Graphic file (type png)
<use drlbbexperiment.png>
Package pdftex.def Info: drlbbexperiment.png  used on input line 55.
(pdftex.def)             Requested size: 361.34999pt x 359.57901pt.
 [11 <./drlbbmparamsharing.png>]
<drlbbexperimentresult.png, id=264, 740.7675pt x 382.42876pt>
File: drlbbexperimentresult.png Graphic file (type png)
<use drlbbexperimentresult.png>
Package pdftex.def Info: drlbbexperimentresult.png  used on input line 94.
(pdftex.def)             Requested size: 361.34999pt x 186.55142pt.
<drlbblearningcurve.png, id=265, 491.8375pt x 368.37625pt>
File: drlbblearningcurve.png Graphic file (type png)
<use drlbblearningcurve.png>
Package pdftex.def Info: drlbblearningcurve.png  used on input line 101.
(pdftex.def)             Requested size: 361.34999pt x 270.6549pt.
 [12 <./sensorpower.png>]
[13 <./drlbbexperiment.png> <./drlbbexperimentresult.png>]
Overfull \hbox (4.02617pt too wide) in paragraph at lines 114--115
[]\OT1/cmr/m/n/12 This method em-ploy deep re-in-force-ment learn-ing start-ing
 with behaviour-based method,
 []

) (./multirobotfc2020.tex [14 <./drlbblearningcurve.png>]
<mobilerobotrlcritic.png, id=307, 754.82pt x 658.46pt>
File: mobilerobotrlcritic.png Graphic file (type png)
<use mobilerobotrlcritic.png>
Package pdftex.def Info: mobilerobotrlcritic.png  used on input line 21.
(pdftex.def)             Requested size: 361.34999pt x 315.21324pt.
<multirobotfcframework.png, id=308, 618.31pt x 518.93875pt>
File: multirobotfcframework.png Graphic file (type png)
<use multirobotfcframework.png>
Package pdftex.def Info: multirobotfcframework.png  used on input line 28.
(pdftex.def)             Requested size: 361.34999pt x 303.28893pt.
 [15] [16 <./mobilerobotrlcritic.png>] [17 <./multirobotfcframework.png>]
<mobilerobotrlresult.png, id=339, 729.72626pt x 770.88pt>
File: mobilerobotrlresult.png Graphic file (type png)
<use mobilerobotrlresult.png>
Package pdftex.def Info: mobilerobotrlresult.png  used on input line 72.
(pdftex.def)             Requested size: 361.34999pt x 381.72206pt.
<mobilerobotrllearningcurve.png, id=340, 470.75874pt x 324.21124pt>
File: mobilerobotrllearningcurve.png Graphic file (type png)
<use mobilerobotrllearningcurve.png>
Package pdftex.def Info: mobilerobotrllearningcurve.png  used on input line 79.

(pdftex.def)             Requested size: 361.34999pt x 248.86179pt.
 [18 <./mobilerobotrlresult.png>]) [19 <./mobilerobotrllearningcurve.png>] (./R
evFC.bbl [20])
Package atveryend Info: Empty hook `BeforeClearDocument' on input line 157.
 [21]
Package atveryend Info: Empty hook `AfterLastShipout' on input line 157.

(./RevFC.aux)
Package atveryend Info: Executing hook `AtVeryEndDocument' on input line 157.
Package atveryend Info: Executing hook `AtEndAfterFileList' on input line 157.
Package rerunfilecheck Info: File `RevFC.out' has not changed.
(rerunfilecheck)             Checksum: A666400E73E9F6C53484F1DFEBCDDB2C;2006.
Package atveryend Info: Empty hook `AtVeryVeryEnd' on input line 157.
 ) 
Here is how much of TeX's memory you used:
 7609 strings out of 480608
 113583 string characters out of 5903630
 382735 words of memory out of 5000000
 23206 multiletter control sequences out of 15000+600000
 542430 words of font info for 63 fonts, out of 8000000 for 9000
 1141 hyphenation exceptions out of 8191
 34i,9n,34p,745b,429s stack positions out of 5000i,500n,10000p,200000b,80000s
{/usr/local/texlive/2020/texmf-dist/fonts/enc/dvips/cm-super/cm-super-ts1.enc
}</usr/local/texlive/2020/texmf-dist/fonts/type1/public/amsfonts/cm/cmbx12.pfb>
</usr/local/texlive/2020/texmf-dist/fonts/type1/public/amsfonts/cm/cmex10.pfb><
/usr/local/texlive/2020/texmf-dist/fonts/type1/public/amsfonts/cm/cmmi12.pfb></
usr/local/texlive/2020/texmf-dist/fonts/type1/public/amsfonts/cm/cmmi8.pfb></us
r/local/texlive/2020/texmf-dist/fonts/type1/public/amsfonts/cm/cmr10.pfb></usr/
local/texlive/2020/texmf-dist/fonts/type1/public/amsfonts/cm/cmr12.pfb></usr/lo
cal/texlive/2020/texmf-dist/fonts/type1/public/amsfonts/cm/cmr17.pfb></usr/loca
l/texlive/2020/texmf-dist/fonts/type1/public/amsfonts/cm/cmr8.pfb></usr/local/t
exlive/2020/texmf-dist/fonts/type1/public/amsfonts/cm/cmsy10.pfb></usr/local/te
xlive/2020/texmf-dist/fonts/type1/public/amsfonts/cm/cmsy8.pfb></usr/local/texl
ive/2020/texmf-dist/fonts/type1/public/amsfonts/cm/cmti12.pfb></usr/local/texli
ve/2020/texmf-dist/fonts/type1/public/amsfonts/symbols/msbm10.pfb></usr/local/t
exlive/2020/texmf-dist/fonts/type1/public/cm-super/sfrm1200.pfb>
Output written on RevFC.pdf (21 pages, 2807227 bytes).
PDF statistics:
 439 PDF objects out of 1000 (max. 8388607)
 361 compressed objects within 4 object streams
 125 named destinations out of 1000 (max. 500000)
 304 words of extra memory for PDF output out of 10000 (max. 10000000)

