\BOOKMARK [1][-]{section.1}{Introduction}{}% 1
\BOOKMARK [1][-]{section.2}{Relationship between Formation Control and Cooperative Motion Planning }{}% 2
\BOOKMARK [1][-]{section.3}{Formation Control}{}% 3
\BOOKMARK [2][-]{subsection.3.1}{System Architecture of Multi Agents Formation}{section.3}% 4
\BOOKMARK [2][-]{subsection.3.2}{System Patterns of Formation}{section.3}% 5
\BOOKMARK [2][-]{subsection.3.3}{Review of formation control strategies}{section.3}% 6
\BOOKMARK [1][-]{section.4}{Cooperative Formation Path Planning}{}% 7
\BOOKMARK [1][-]{section.5}{Formation Control using Reinforcement Learning}{}% 8
\BOOKMARK [2][-]{subsection.5.1}{Leader-Follower Fromation using GQ\(\) Reinforcement Learning}{section.5}% 9
\BOOKMARK [3][-]{subsubsection.5.1.1}{Framework}{subsection.5.1}% 10
\BOOKMARK [3][-]{subsubsection.5.1.2}{State Representation}{subsection.5.1}% 11
\BOOKMARK [3][-]{subsubsection.5.1.3}{Reinforcements}{subsection.5.1}% 12
\BOOKMARK [3][-]{subsubsection.5.1.4}{Experiment}{subsection.5.1}% 13
\BOOKMARK [3][-]{subsubsection.5.1.5}{Discussion}{subsection.5.1}% 14
\BOOKMARK [2][-]{subsection.5.2}{DRL-enhanced Behaviour-based Method}{section.5}% 15
\BOOKMARK [3][-]{subsubsection.5.2.1}{Framework}{subsection.5.2}% 16
\BOOKMARK [3][-]{subsubsection.5.2.2}{State Representation}{subsection.5.2}% 17
\BOOKMARK [3][-]{subsubsection.5.2.3}{Reinforcements}{subsection.5.2}% 18
\BOOKMARK [3][-]{subsubsection.5.2.4}{Experiment}{subsection.5.2}% 19
\BOOKMARK [3][-]{subsubsection.5.2.5}{Discussion}{subsection.5.2}% 20
\BOOKMARK [2][-]{subsection.5.3}{Coordinating Formation Control using Reinforcement Learning}{section.5}% 21
\BOOKMARK [3][-]{subsubsection.5.3.1}{Framework}{subsection.5.3}% 22
\BOOKMARK [3][-]{subsubsection.5.3.2}{State Representation}{subsection.5.3}% 23
\BOOKMARK [3][-]{subsubsection.5.3.3}{Reinforcement}{subsection.5.3}% 24
\BOOKMARK [3][-]{subsubsection.5.3.4}{Experiment}{subsection.5.3}% 25
\BOOKMARK [3][-]{subsubsection.5.3.5}{Discussion}{subsection.5.3}% 26
